<testsuites id="" name="" tests="3" failures="0" skipped="0" errors="1" time="139.07067600000002">
<testsuite name="projects/dep/test-plans/customers/create-customer.spec.ts" timestamp="2026-09-07T04:29:44.512Z" hostname="" tests="3" failures="0" skipped="0" time="137.811" errors="1">
<testcase name="Create Customer › TC-01: Login as Admin" classname="projects/dep/test-plans/customers/create-customer.spec.ts" time="30.69">
</testcase>
<testcase name="Create Customer › TC-02: Navigate to Customers" classname="projects/dep/test-plans/customers/create-customer.spec.ts" time="14.211">
</testcase>
<testcase name="Create Customer › TC-03: Create a Customer" classname="projects/dep/test-plans/customers/create-customer.spec.ts" time="92.91">
<system-out>
<![CDATA[
[[ATTACHMENT|artifacts/projects-dep-test-plans-cu-8d350-mer-TC-03-Create-a-Customer/test-failed-1.png]]

[[ATTACHMENT|artifacts/projects-dep-test-plans-cu-8d350-mer-TC-03-Create-a-Customer/video.webm]]

[[ATTACHMENT|artifacts/projects-dep-test-plans-cu-8d350-mer-TC-03-Create-a-Customer/error-context.md]]

[[ATTACHMENT|artifacts/projects-dep-test-plans-cu-8d350-mer-TC-03-Create-a-Customer/trace.zip]]
]]>
</system-out>
<error message="Test timeout of 90000ms exceeded." type="Error">
<![CDATA[  projects/dep/test-plans/customers/create-customer.spec.ts:67:7 › Create Customer › TC-03: Create a Customer 

    Test timeout of 90000ms exceeded.

    Error: locator.click: Test timeout of 90000ms exceeded.
    Call log:
      - waiting for getByRole('button', { name: /^Create/i }).first()


      76 |     // STEP 2: CLICK the Create button
      77 |     // TODO[selector]: Create button on Customers page — MCP unavailable at create time
    > 78 |     await page.getByRole('button', { name: /^Create/i }).first().click();
         |                                                                  ^
      79 |
      80 |     // STEP 3: WAIT for the create customer form/dialog to appear
      81 |     // TODO[selector]: create customer dialog — MCP unavailable at create time
        at /home/runner/work/Test-ReportsHub/Test-ReportsHub/projects/dep/test-plans/customers/create-customer.spec.ts:78:66

    attachment #1: screenshot (image/png) ──────────────────────────────────────────────────────────
    ci-results/artifacts/projects-dep-test-plans-cu-8d350-mer-TC-03-Create-a-Customer/test-failed-1.png
    ────────────────────────────────────────────────────────────────────────────────────────────────

    attachment #2: video (video/webm) ──────────────────────────────────────────────────────────────
    ci-results/artifacts/projects-dep-test-plans-cu-8d350-mer-TC-03-Create-a-Customer/video.webm
    ────────────────────────────────────────────────────────────────────────────────────────────────

    Error Context: ci-results/artifacts/projects-dep-test-plans-cu-8d350-mer-TC-03-Create-a-Customer/error-context.md

    attachment #4: trace (application/zip) ─────────────────────────────────────────────────────────
    ci-results/artifacts/projects-dep-test-plans-cu-8d350-mer-TC-03-Create-a-Customer/trace.zip
    Usage:

        npx playwright show-trace ci-results/artifacts/projects-dep-test-plans-cu-8d350-mer-TC-03-Create-a-Customer/trace.zip

    ────────────────────────────────────────────────────────────────────────────────────────────────
]]>
</error>
</testcase>
</testsuite>
</testsuites>